<?xml version="1.0" encoding="UTF-8"?>
<!-- Generated by org.testng.reporters.JUnitXMLReporter -->
<testsuite hostname="LAPTOP-0JB00JT2" ignored="0" name="Test" tests="4" failures="0" timestamp="17 Dec 2021 12:12:56 GMT" time="0.275" errors="0">
  <testcase name="tc1" time="0.054" classname="org.test.ParallelSample"/>
  <testcase name="tc11" time="0.053" classname="org.test.ParallelDemo"/>
  <testcase name="tc22" time="0.022" classname="org.test.ParallelDemo"/>
  <testcase name="tc2" time="0.024" classname="org.test.ParallelSample"/>
</testsuite> <!-- Test -->
