<?xml version="1.0" encoding="UTF-8"?>
<!-- Generated by org.testng.reporters.JUnitXMLReporter -->
<testsuite hostname="LAPTOP-0JB00JT2" ignored="0" name="Test3" tests="1" failures="1" timestamp="21 Dec 2021 10:56:01 GMT" time="86.538" errors="0">
  <testcase name="browser" time="86.111" classname="org.test.Cross">
    <failure type="org.openqa.selenium.WebDriverException" message="unknown error: DevToolsActivePort file doesn&amp;apos;t exist
Build info: version: &amp;apos;3.141.59&amp;apos;, revision: &amp;apos;e82be7d358&amp;apos;, time: &amp;apos;2018-11-14T08:17:03&amp;apos;
System info: host: &amp;apos;LAPTOP-0JB00JT2&amp;apos;, ip: &amp;apos;192.168.216.143&amp;apos;, os.name: &amp;apos;Windows 10&amp;apos;, os.arch: &amp;apos;amd64&amp;apos;, os.version: &amp;apos;10.0&amp;apos;, java.version: &amp;apos;1.8.0_202&amp;apos;
Driver info: driver.version: EdgeDriver
remote stacktrace: Backtrace:
	Microsoft::Applications::Events::ILogConfiguration::ILogConfiguration [0x00007FF637CBCCE2+56946]
	Microsoft::Applications::Events::EventProperty::to_string [0x00007FF6378EA597+949863]
	Microsoft::Applications::Events::EventProperty::to_string [0x00007FF63791108D+1108317]
	Microsoft::Applications::Events::EventProperty::to_string [0x00007FF63790A3D0+1080480]
	Microsoft::Applications::Events::EventProperty::to_string [0x00007FF637946378+1326152]
	Microsoft::Applications::Events::EventProperty::to_string [0x00007FF6379413BF+1305743]
	Microsoft::Applications::Events::EventProperty::to_string [0x00007FF637916AA9+1131385]
	Microsoft::Applications::Events::EventProperty::to_string [0x00007FF637917B8F+1135711]
	Microsoft::Applications::Events::EventProperty::to_string [0x00007FF6379AC485+1744213]
	Microsoft::Applications::Events::EventProperty::to_string [0x00007FF6379AA911+1737185]
	Microsoft::Applications::Events::EventProperty::EventProperty [0x00007FF637B8B6B9+2521]
	Microsoft::Applications::Events::EventProperty::to_string [0x00007FF6379820AE+1571198]
	Microsoft::Applications::Events::ILogConfiguration::ILogConfiguration [0x00007FF637CB58EC+27260]
	Microsoft::Applications::Events::ILogConfiguration::ILogConfiguration [0x00007FF637CB5264+25588]
	Microsoft::Applications::Events::ILogConfiguration::ILogConfiguration [0x00007FF637CB50B6+25158]
	Microsoft::Applications::Events::EventProperties::GetName [0x00007FF637C1047C+211724]
	BaseThreadInitThunk [0x00007FF9E4667034+20]
	RtlUserThreadStart [0x00007FF9E5222651+33]
">
      <![CDATA[org.openqa.selenium.WebDriverException: unknown error: DevToolsActivePort file doesn't exist
Build info: version: '3.141.59', revision: 'e82be7d358', time: '2018-11-14T08:17:03'
System info: host: 'LAPTOP-0JB00JT2', ip: '192.168.216.143', os.name: 'Windows 10', os.arch: 'amd64', os.version: '10.0', java.version: '1.8.0_202'
Driver info: driver.version: EdgeDriver
remote stacktrace: Backtrace:
Microsoft::Applications::Events::ILogConfiguration::ILogConfiguration [0x00007FF637CBCCE2+56946]
Microsoft::Applications::Events::EventProperty::to_string [0x00007FF6378EA597+949863]
Microsoft::Applications::Events::EventProperty::to_string [0x00007FF63791108D+1108317]
Microsoft::Applications::Events::EventProperty::to_string [0x00007FF63790A3D0+1080480]
Microsoft::Applications::Events::EventProperty::to_string [0x00007FF637946378+1326152]
Microsoft::Applications::Events::EventProperty::to_string [0x00007FF6379413BF+1305743]
Microsoft::Applications::Events::EventProperty::to_string [0x00007FF637916AA9+1131385]
Microsoft::Applications::Events::EventProperty::to_string [0x00007FF637917B8F+1135711]
Microsoft::Applications::Events::EventProperty::to_string [0x00007FF6379AC485+1744213]
Microsoft::Applications::Events::EventProperty::to_string [0x00007FF6379AA911+1737185]
Microsoft::Applications::Events::EventProperty::EventProperty [0x00007FF637B8B6B9+2521]
Microsoft::Applications::Events::EventProperty::to_string [0x00007FF6379820AE+1571198]
Microsoft::Applications::Events::ILogConfiguration::ILogConfiguration [0x00007FF637CB58EC+27260]
Microsoft::Applications::Events::ILogConfiguration::ILogConfiguration [0x00007FF637CB5264+25588]
Microsoft::Applications::Events::ILogConfiguration::ILogConfiguration [0x00007FF637CB50B6+25158]
Microsoft::Applications::Events::EventProperties::GetName [0x00007FF637C1047C+211724]
BaseThreadInitThunk [0x00007FF9E4667034+20]
RtlUserThreadStart [0x00007FF9E5222651+33]

at org.openqa.selenium.remote.W3CHandshakeResponse.lambda$errorHandler$0(W3CHandshakeResponse.java:62)
at org.openqa.selenium.remote.HandshakeResponse.lambda$getResponseFunction$0(HandshakeResponse.java:30)
at org.openqa.selenium.remote.ProtocolHandshake.lambda$createSession$0(ProtocolHandshake.java:126)
at java.util.stream.ReferencePipeline$3$1.accept(Unknown Source)
at java.util.Spliterators$ArraySpliterator.tryAdvance(Unknown Source)
at java.util.stream.ReferencePipeline.forEachWithCancel(Unknown Source)
at java.util.stream.AbstractPipeline.copyIntoWithCancel(Unknown Source)
at java.util.stream.AbstractPipeline.copyInto(Unknown Source)
at java.util.stream.AbstractPipeline.wrapAndCopyInto(Unknown Source)
at java.util.stream.FindOps$FindOp.evaluateSequential(Unknown Source)
at java.util.stream.AbstractPipeline.evaluate(Unknown Source)
at java.util.stream.ReferencePipeline.findFirst(Unknown Source)
at org.openqa.selenium.remote.ProtocolHandshake.createSession(ProtocolHandshake.java:128)
at org.openqa.selenium.remote.ProtocolHandshake.createSession(ProtocolHandshake.java:74)
at org.openqa.selenium.remote.HttpCommandExecutor.execute(HttpCommandExecutor.java:136)
at org.openqa.selenium.remote.service.DriverCommandExecutor.execute(DriverCommandExecutor.java:83)
at org.openqa.selenium.remote.RemoteWebDriver.execute(RemoteWebDriver.java:552)
at org.openqa.selenium.remote.RemoteWebDriver.startSession(RemoteWebDriver.java:213)
at org.openqa.selenium.remote.RemoteWebDriver.<init>(RemoteWebDriver.java:131)
at org.openqa.selenium.edge.EdgeDriver.<init>(EdgeDriver.java:141)
at org.openqa.selenium.edge.EdgeDriver.<init>(EdgeDriver.java:96)
at org.test.Cross.browser(Cross.java:32)
at java.util.concurrent.FutureTask.run(Unknown Source)
at java.util.concurrent.ThreadPoolExecutor.runWorker(Unknown Source)
at java.util.concurrent.ThreadPoolExecutor$Worker.run(Unknown Source)
at java.lang.Thread.run(Unknown Source)
... Removed 20 stack frames]]>
    </failure>
  </testcase> <!-- browser -->
</testsuite> <!-- Test3 -->
